<?xml version="1.0" encoding="UTF-8"?>
<testsuite xmlns:xsi="http://www.w3.org/2001/XMLSchema-instance" xsi:noNamespaceSchemaLocation="https://maven.apache.org/surefire/maven-surefire-plugin/xsd/surefire-test-report-3.0.xsd" version="3.0" name="com.semenihin.services.impl.LBBookServiceImplTest" time="1.007" tests="17" errors="0" skipped="0" failures="0">
  <properties>
[...]
</properties>
  <testcase name="findBookTest" classname="com.semenihin.services.impl.LBBookServiceImplTest" time="0.888">
    <system-out><![CDATA[[MockitoHint] LBBookServiceImplTest.findBookTest (see javadoc for MockitoHint):
[MockitoHint] 1. Unused -> at com.semenihin.services.impl.LBBookServiceImplTest.setUp(LBBookServiceImplTest.java:67)

]]></system-out>
  </testcase>
  <testcase name="createBookTest_WhenBookAlreadyExist" classname="com.semenihin.services.impl.LBBookServiceImplTest" time="0.003">
    <system-out><![CDATA[[MockitoHint] LBBookServiceImplTest.createBookTest_WhenBookAlreadyExist (see javadoc for MockitoHint):
[MockitoHint] 1. Unused -> at com.semenihin.services.impl.LBBookServiceImplTest.setUp(LBBookServiceImplTest.java:67)

]]></system-out>
  </testcase>
  <testcase name="existFalseTest" classname="com.semenihin.services.impl.LBBookServiceImplTest" time="0.005">
    <system-out><![CDATA[[MockitoHint] LBBookServiceImplTest.existFalseTest (see javadoc for MockitoHint):
[MockitoHint] 1. Unused -> at com.semenihin.services.impl.LBBookServiceImplTest.setUp(LBBookServiceImplTest.java:67)

]]></system-out>
  </testcase>
  <testcase name="rentBookExceptionTest" classname="com.semenihin.services.impl.LBBookServiceImplTest" time="0.006">
    <system-out><![CDATA[[MockitoHint] LBBookServiceImplTest.rentBookExceptionTest (see javadoc for MockitoHint):
[MockitoHint] 1. Unused -> at com.semenihin.services.impl.LBBookServiceImplTest.setUp(LBBookServiceImplTest.java:67)

]]></system-out>
  </testcase>
  <testcase name="updateBookTest" classname="com.semenihin.services.impl.LBBookServiceImplTest" time="0.011">
    <system-out><![CDATA[[MockitoHint] LBBookServiceImplTest.updateBookTest (see javadoc for MockitoHint):
[MockitoHint] 1. Unused -> at com.semenihin.services.impl.LBBookServiceImplTest.setUp(LBBookServiceImplTest.java:66)

]]></system-out>
  </testcase>
  <testcase name="createBookTest" classname="com.semenihin.services.impl.LBBookServiceImplTest" time="0.005">
    <system-out><![CDATA[[MockitoHint] LBBookServiceImplTest.createBookTest (see javadoc for MockitoHint):
[MockitoHint] 1. Unused -> at com.semenihin.services.impl.LBBookServiceImplTest.setUp(LBBookServiceImplTest.java:67)

]]></system-out>
  </testcase>
  <testcase name="deleteBookExceptionTest" classname="com.semenihin.services.impl.LBBookServiceImplTest" time="0.003">
    <system-out><![CDATA[[MockitoHint] LBBookServiceImplTest.deleteBookExceptionTest (see javadoc for MockitoHint):
[MockitoHint] 1. Unused -> at com.semenihin.services.impl.LBBookServiceImplTest.setUp(LBBookServiceImplTest.java:67)

]]></system-out>
  </testcase>
  <testcase name="printBooksTest" classname="com.semenihin.services.impl.LBBookServiceImplTest" time="0.005">
    <system-out><![CDATA[[MockitoHint] LBBookServiceImplTest.printBooksTest (see javadoc for MockitoHint):
[MockitoHint] 1. Unused -> at com.semenihin.services.impl.LBBookServiceImplTest.setUp(LBBookServiceImplTest.java:67)

]]></system-out>
  </testcase>
  <testcase name="rentBookTest" classname="com.semenihin.services.impl.LBBookServiceImplTest" time="0.003">
    <system-out><![CDATA[[MockitoHint] LBBookServiceImplTest.rentBookTest (see javadoc for MockitoHint):
[MockitoHint] 1. Unused -> at com.semenihin.services.impl.LBBookServiceImplTest.setUp(LBBookServiceImplTest.java:67)

]]></system-out>
  </testcase>
  <testcase name="returnBookExceptionTest" classname="com.semenihin.services.impl.LBBookServiceImplTest" time="0.003">
    <system-out><![CDATA[[MockitoHint] LBBookServiceImplTest.returnBookExceptionTest (see javadoc for MockitoHint):
[MockitoHint] 1. Unused -> at com.semenihin.services.impl.LBBookServiceImplTest.setUp(LBBookServiceImplTest.java:67)

]]></system-out>
  </testcase>
  <testcase name="deleteBookTest" classname="com.semenihin.services.impl.LBBookServiceImplTest" time="0.003">
    <system-out><![CDATA[[MockitoHint] LBBookServiceImplTest.deleteBookTest (see javadoc for MockitoHint):
[MockitoHint] 1. Unused -> at com.semenihin.services.impl.LBBookServiceImplTest.setUp(LBBookServiceImplTest.java:67)

]]></system-out>
  </testcase>
  <testcase name="existTrueTest" classname="com.semenihin.services.impl.LBBookServiceImplTest" time="0.002">
    <system-out><![CDATA[[MockitoHint] LBBookServiceImplTest.existTrueTest (see javadoc for MockitoHint):
[MockitoHint] 1. Unused -> at com.semenihin.services.impl.LBBookServiceImplTest.setUp(LBBookServiceImplTest.java:67)

]]></system-out>
  </testcase>
  <testcase name="updateUserInBookTest" classname="com.semenihin.services.impl.LBBookServiceImplTest" time="0.003">
    <system-out><![CDATA[[MockitoHint] LBBookServiceImplTest.updateUserInBookTest (see javadoc for MockitoHint):
[MockitoHint] 1. Unused -> at com.semenihin.services.impl.LBBookServiceImplTest.setUp(LBBookServiceImplTest.java:66)
[MockitoHint] 2. Unused -> at com.semenihin.services.impl.LBBookServiceImplTest.setUp(LBBookServiceImplTest.java:67)

]]></system-out>
  </testcase>
  <testcase name="returnBookTest" classname="com.semenihin.services.impl.LBBookServiceImplTest" time="0.003">
    <system-out><![CDATA[[MockitoHint] LBBookServiceImplTest.returnBookTest (see javadoc for MockitoHint):
[MockitoHint] 1. Unused -> at com.semenihin.services.impl.LBBookServiceImplTest.setUp(LBBookServiceImplTest.java:67)

]]></system-out>
  </testcase>
  <testcase name="createBookTest_WhenBookAreRented" classname="com.semenihin.services.impl.LBBookServiceImplTest" time="0.005">
    <system-out><![CDATA[[MockitoHint] LBBookServiceImplTest.createBookTest_WhenBookAreRented (see javadoc for MockitoHint):
[MockitoHint] 1. Unused -> at com.semenihin.services.impl.LBBookServiceImplTest.setUp(LBBookServiceImplTest.java:67)

]]></system-out>
  </testcase>
  <testcase name="updateBookExceptionTest" classname="com.semenihin.services.impl.LBBookServiceImplTest" time="0.003">
    <system-out><![CDATA[[MockitoHint] LBBookServiceImplTest.updateBookExceptionTest (see javadoc for MockitoHint):
[MockitoHint] 1. Unused -> at com.semenihin.services.impl.LBBookServiceImplTest.setUp(LBBookServiceImplTest.java:66)

]]></system-out>
  </testcase>
  <testcase name="getBooksTest" classname="com.semenihin.services.impl.LBBookServiceImplTest" time="0.004">
    <system-out><![CDATA[[MockitoHint] LBBookServiceImplTest.getBooksTest (see javadoc for MockitoHint):
[MockitoHint] 1. Unused -> at com.semenihin.services.impl.LBBookServiceImplTest.setUp(LBBookServiceImplTest.java:67)

]]></system-out>
  </testcase>
</testsuite>