<?xml version="1.0" encoding="UTF-8"?>
<testsuite xmlns:xsi="http://www.w3.org/2001/XMLSchema-instance" xsi:noNamespaceSchemaLocation="https://maven.apache.org/surefire/maven-surefire-plugin/xsd/surefire-test-report-3.0.xsd" version="3.0" name="com.semenihin.services.impl.LBUserServiceImplTest" time="0.098" tests="18" errors="0" skipped="0" failures="0">
  <properties>
[...]
</properties>
  <testcase name="rentBook_AlreadyRentedExceptionTest" classname="com.semenihin.services.impl.LBUserServiceImplTest" time="0.042">
    <system-out><![CDATA[[MockitoHint] LBUserServiceImplTest.rentBook_AlreadyRentedExceptionTest (see javadoc for MockitoHint):
[MockitoHint] 1. Unused -> at com.semenihin.services.impl.LBUserServiceImplTest.setUp(LBUserServiceImplTest.java:69)
[MockitoHint] 2. Unused -> at com.semenihin.services.impl.LBUserServiceImplTest.setUp(LBUserServiceImplTest.java:72)

]]></system-out>
  </testcase>
  <testcase name="deleteUserExistExceptionTest" classname="com.semenihin.services.impl.LBUserServiceImplTest" time="0.003">
    <system-out><![CDATA[[MockitoHint] LBUserServiceImplTest.deleteUserExistExceptionTest (see javadoc for MockitoHint):
[MockitoHint] 1. Unused -> at com.semenihin.services.impl.LBUserServiceImplTest.setUp(LBUserServiceImplTest.java:69)
[MockitoHint] 2. Unused -> at com.semenihin.services.impl.LBUserServiceImplTest.setUp(LBUserServiceImplTest.java:70)
[MockitoHint] 3. Unused -> at com.semenihin.services.impl.LBUserServiceImplTest.setUp(LBUserServiceImplTest.java:71)
[MockitoHint] 4. Unused -> at com.semenihin.services.impl.LBUserServiceImplTest.setUp(LBUserServiceImplTest.java:72)

]]></system-out>
  </testcase>
  <testcase name="existTest" classname="com.semenihin.services.impl.LBUserServiceImplTest" time="0.003">
    <system-out><![CDATA[[MockitoHint] LBUserServiceImplTest.existTest (see javadoc for MockitoHint):
[MockitoHint] 1. Unused -> at com.semenihin.services.impl.LBUserServiceImplTest.setUp(LBUserServiceImplTest.java:69)
[MockitoHint] 2. Unused -> at com.semenihin.services.impl.LBUserServiceImplTest.setUp(LBUserServiceImplTest.java:70)
[MockitoHint] 3. Unused -> at com.semenihin.services.impl.LBUserServiceImplTest.setUp(LBUserServiceImplTest.java:71)
[MockitoHint] 4. Unused -> at com.semenihin.services.impl.LBUserServiceImplTest.setUp(LBUserServiceImplTest.java:72)

]]></system-out>
  </testcase>
  <testcase name="createUserAllPassTest" classname="com.semenihin.services.impl.LBUserServiceImplTest" time="0.002">
    <system-out><![CDATA[[MockitoHint] LBUserServiceImplTest.createUserAllPassTest (see javadoc for MockitoHint):
[MockitoHint] 1. Unused -> at com.semenihin.services.impl.LBUserServiceImplTest.setUp(LBUserServiceImplTest.java:70)
[MockitoHint] 2. Unused -> at com.semenihin.services.impl.LBUserServiceImplTest.setUp(LBUserServiceImplTest.java:71)
[MockitoHint] 3. Unused -> at com.semenihin.services.impl.LBUserServiceImplTest.setUp(LBUserServiceImplTest.java:72)

]]></system-out>
  </testcase>
  <testcase name="returnBook_UserExistExceptionTest" classname="com.semenihin.services.impl.LBUserServiceImplTest" time="0.003">
    <system-out><![CDATA[[MockitoHint] LBUserServiceImplTest.returnBook_UserExistExceptionTest (see javadoc for MockitoHint):
[MockitoHint] 1. Unused -> at com.semenihin.services.impl.LBUserServiceImplTest.setUp(LBUserServiceImplTest.java:69)
[MockitoHint] 2. Unused -> at com.semenihin.services.impl.LBUserServiceImplTest.setUp(LBUserServiceImplTest.java:70)
[MockitoHint] 3. Unused -> at com.semenihin.services.impl.LBUserServiceImplTest.setUp(LBUserServiceImplTest.java:71)
[MockitoHint] 4. Unused -> at com.semenihin.services.impl.LBUserServiceImplTest.setUp(LBUserServiceImplTest.java:72)

]]></system-out>
  </testcase>
  <testcase name="findUserTest" classname="com.semenihin.services.impl.LBUserServiceImplTest" time="0.001">
    <system-out><![CDATA[[MockitoHint] LBUserServiceImplTest.findUserTest (see javadoc for MockitoHint):
[MockitoHint] 1. Unused -> at com.semenihin.services.impl.LBUserServiceImplTest.setUp(LBUserServiceImplTest.java:68)
[MockitoHint] 2. Unused -> at com.semenihin.services.impl.LBUserServiceImplTest.setUp(LBUserServiceImplTest.java:69)
[MockitoHint] 3. Unused -> at com.semenihin.services.impl.LBUserServiceImplTest.setUp(LBUserServiceImplTest.java:70)
[MockitoHint] 4. Unused -> at com.semenihin.services.impl.LBUserServiceImplTest.setUp(LBUserServiceImplTest.java:71)

]]></system-out>
  </testcase>
  <testcase name="returnBook_BookExistExceptionTest" classname="com.semenihin.services.impl.LBUserServiceImplTest" time="0.004">
    <system-out><![CDATA[[MockitoHint] LBUserServiceImplTest.returnBook_BookExistExceptionTest (see javadoc for MockitoHint):
[MockitoHint] 1. Unused -> at com.semenihin.services.impl.LBUserServiceImplTest.setUp(LBUserServiceImplTest.java:69)
[MockitoHint] 2. Unused -> at com.semenihin.services.impl.LBUserServiceImplTest.setUp(LBUserServiceImplTest.java:71)
[MockitoHint] 3. Unused -> at com.semenihin.services.impl.LBUserServiceImplTest.setUp(LBUserServiceImplTest.java:72)

]]></system-out>
  </testcase>
  <testcase name="rentBookBook_ExistExceptionTest" classname="com.semenihin.services.impl.LBUserServiceImplTest" time="0.004">
    <system-out><![CDATA[[MockitoHint] LBUserServiceImplTest.rentBookBook_ExistExceptionTest (see javadoc for MockitoHint):
[MockitoHint] 1. Unused -> at com.semenihin.services.impl.LBUserServiceImplTest.setUp(LBUserServiceImplTest.java:69)
[MockitoHint] 2. Unused -> at com.semenihin.services.impl.LBUserServiceImplTest.setUp(LBUserServiceImplTest.java:71)
[MockitoHint] 3. Unused -> at com.semenihin.services.impl.LBUserServiceImplTest.setUp(LBUserServiceImplTest.java:72)

]]></system-out>
  </testcase>
  <testcase name="rentBook_FileAccessExceptionTest" classname="com.semenihin.services.impl.LBUserServiceImplTest" time="0.006">
    <system-out><![CDATA[[MockitoHint] LBUserServiceImplTest.rentBook_FileAccessExceptionTest (see javadoc for MockitoHint):
[MockitoHint] 1. Unused -> at com.semenihin.services.impl.LBUserServiceImplTest.setUp(LBUserServiceImplTest.java:69)

]]></system-out>
  </testcase>
  <testcase name="returnBookTest" classname="com.semenihin.services.impl.LBUserServiceImplTest" time="0.003">
    <system-out><![CDATA[[MockitoHint] LBUserServiceImplTest.returnBookTest (see javadoc for MockitoHint):
[MockitoHint] 1. Unused -> at com.semenihin.services.impl.LBUserServiceImplTest.setUp(LBUserServiceImplTest.java:69)
[MockitoHint] 2. Unused -> at com.semenihin.services.impl.LBUserServiceImplTest.setUp(LBUserServiceImplTest.java:71)
[MockitoHint] 3. Unused -> at com.semenihin.services.impl.LBUserServiceImplTest.setUp(LBUserServiceImplTest.java:72)

]]></system-out>
  </testcase>
  <testcase name="createUserValidateExceptionTest" classname="com.semenihin.services.impl.LBUserServiceImplTest" time="0.002">
    <system-out><![CDATA[[MockitoHint] LBUserServiceImplTest.createUserValidateExceptionTest (see javadoc for MockitoHint):
[MockitoHint] 1. Unused -> at com.semenihin.services.impl.LBUserServiceImplTest.setUp(LBUserServiceImplTest.java:68)
[MockitoHint] 2. Unused -> at com.semenihin.services.impl.LBUserServiceImplTest.setUp(LBUserServiceImplTest.java:70)
[MockitoHint] 3. Unused -> at com.semenihin.services.impl.LBUserServiceImplTest.setUp(LBUserServiceImplTest.java:71)
[MockitoHint] 4. Unused -> at com.semenihin.services.impl.LBUserServiceImplTest.setUp(LBUserServiceImplTest.java:72)

]]></system-out>
  </testcase>
  <testcase name="returnBook_FileAccessExceptionTest" classname="com.semenihin.services.impl.LBUserServiceImplTest" time="0.003">
    <system-out><![CDATA[[MockitoHint] LBUserServiceImplTest.returnBook_FileAccessExceptionTest (see javadoc for MockitoHint):
[MockitoHint] 1. Unused -> at com.semenihin.services.impl.LBUserServiceImplTest.setUp(LBUserServiceImplTest.java:69)
[MockitoHint] 2. Unused -> at com.semenihin.services.impl.LBUserServiceImplTest.setUp(LBUserServiceImplTest.java:71)
[MockitoHint] 3. Unused -> at com.semenihin.services.impl.LBUserServiceImplTest.setUp(LBUserServiceImplTest.java:72)

]]></system-out>
  </testcase>
  <testcase name="updateBookInUserTest" classname="com.semenihin.services.impl.LBUserServiceImplTest" time="0.002">
    <system-out><![CDATA[[MockitoHint] LBUserServiceImplTest.updateBookInUserTest (see javadoc for MockitoHint):
[MockitoHint] 1. Unused -> at com.semenihin.services.impl.LBUserServiceImplTest.setUp(LBUserServiceImplTest.java:68)
[MockitoHint] 2. Unused -> at com.semenihin.services.impl.LBUserServiceImplTest.setUp(LBUserServiceImplTest.java:69)
[MockitoHint] 3. Unused -> at com.semenihin.services.impl.LBUserServiceImplTest.setUp(LBUserServiceImplTest.java:70)
[MockitoHint] 4. Unused -> at com.semenihin.services.impl.LBUserServiceImplTest.setUp(LBUserServiceImplTest.java:71)
[MockitoHint] 5. Unused -> at com.semenihin.services.impl.LBUserServiceImplTest.setUp(LBUserServiceImplTest.java:72)

]]></system-out>
  </testcase>
  <testcase name="printUsersTest" classname="com.semenihin.services.impl.LBUserServiceImplTest" time="0.004">
    <system-out><![CDATA[[MockitoHint] LBUserServiceImplTest.printUsersTest (see javadoc for MockitoHint):
[MockitoHint] 1. Unused -> at com.semenihin.services.impl.LBUserServiceImplTest.setUp(LBUserServiceImplTest.java:69)
[MockitoHint] 2. Unused -> at com.semenihin.services.impl.LBUserServiceImplTest.setUp(LBUserServiceImplTest.java:70)
[MockitoHint] 3. Unused -> at com.semenihin.services.impl.LBUserServiceImplTest.setUp(LBUserServiceImplTest.java:71)
[MockitoHint] 4. Unused -> at com.semenihin.services.impl.LBUserServiceImplTest.setUp(LBUserServiceImplTest.java:72)

]]></system-out>
  </testcase>
  <testcase name="rentBookUser_ExistExceptionTest" classname="com.semenihin.services.impl.LBUserServiceImplTest" time="0.001">
    <system-out><![CDATA[[MockitoHint] LBUserServiceImplTest.rentBookUser_ExistExceptionTest (see javadoc for MockitoHint):
[MockitoHint] 1. Unused -> at com.semenihin.services.impl.LBUserServiceImplTest.setUp(LBUserServiceImplTest.java:69)
[MockitoHint] 2. Unused -> at com.semenihin.services.impl.LBUserServiceImplTest.setUp(LBUserServiceImplTest.java:70)
[MockitoHint] 3. Unused -> at com.semenihin.services.impl.LBUserServiceImplTest.setUp(LBUserServiceImplTest.java:71)
[MockitoHint] 4. Unused -> at com.semenihin.services.impl.LBUserServiceImplTest.setUp(LBUserServiceImplTest.java:72)

]]></system-out>
  </testcase>
  <testcase name="rentBookAllPassTest" classname="com.semenihin.services.impl.LBUserServiceImplTest" time="0.006">
    <system-out><![CDATA[[MockitoHint] LBUserServiceImplTest.rentBookAllPassTest (see javadoc for MockitoHint):
[MockitoHint] 1. Unused -> at com.semenihin.services.impl.LBUserServiceImplTest.setUp(LBUserServiceImplTest.java:69)

]]></system-out>
  </testcase>
  <testcase name="deleteUserTest" classname="com.semenihin.services.impl.LBUserServiceImplTest" time="0.002">
    <system-out><![CDATA[[MockitoHint] LBUserServiceImplTest.deleteUserTest (see javadoc for MockitoHint):
[MockitoHint] 1. Unused -> at com.semenihin.services.impl.LBUserServiceImplTest.setUp(LBUserServiceImplTest.java:69)
[MockitoHint] 2. Unused -> at com.semenihin.services.impl.LBUserServiceImplTest.setUp(LBUserServiceImplTest.java:70)
[MockitoHint] 3. Unused -> at com.semenihin.services.impl.LBUserServiceImplTest.setUp(LBUserServiceImplTest.java:71)
[MockitoHint] 4. Unused -> at com.semenihin.services.impl.LBUserServiceImplTest.setUp(LBUserServiceImplTest.java:72)

]]></system-out>
  </testcase>
  <testcase name="createUserExistExceptionTest" classname="com.semenihin.services.impl.LBUserServiceImplTest" time="0.002">
    <system-out><![CDATA[[MockitoHint] LBUserServiceImplTest.createUserExistExceptionTest (see javadoc for MockitoHint):
[MockitoHint] 1. Unused -> at com.semenihin.services.impl.LBUserServiceImplTest.setUp(LBUserServiceImplTest.java:70)
[MockitoHint] 2. Unused -> at com.semenihin.services.impl.LBUserServiceImplTest.setUp(LBUserServiceImplTest.java:71)
[MockitoHint] 3. Unused -> at com.semenihin.services.impl.LBUserServiceImplTest.setUp(LBUserServiceImplTest.java:72)

]]></system-out>
  </testcase>
</testsuite>